Log file open, 01/23/18 15:38:17
LogWindows: Failed to load 'aqProf.dll' (GetLastError=126)
LogWindows: File 'aqProf.dll' does not exist
LogWindows: Failed to load 'VSPerf140.dll' (GetLastError=126)
LogWindows: File 'VSPerf140.dll' does not exist
LogWindows: Failed to load 'VtuneApi.dll' (GetLastError=126)
LogWindows: File 'VtuneApi.dll' does not exist
LogWindows: Failed to load 'VtuneApi32e.dll' (GetLastError=126)
LogWindows: File 'VtuneApi32e.dll' does not exist
LogInit: Display: Running engine for game: YoungBucks
LogPlatformFile: Not using cached read wrapper
LogInit: Display: RandInit(-1039484327) SRandInit(-1039484327).
LogInit: Read version file with build ID '3709383'
LogInit: Overriding engine version to CL 3832480, compatible CL 3709383
LogInit: Registered custom module enumerator with build ID '3709383'
LogTaskGraph: Started task graph with 5 named threads and 8 total threads with 3 sets of task threads.
LogStats: Stats thread started at 0.377266
LogD3D11RHI: Aftermath initialized
LogModuleManager: Display: Found up-to-date module file ../../../Engine/Plugins/2D/Paper2D/Binaries/Win64/UE4Editor-Paper2D.dll (API version 3709383).
LogModuleManager: Display: Found up-to-date module file ../../../Engine/Plugins/2D/Paper2D/Binaries/Win64/UE4Editor-Paper2DEditor.dll (API version 3709383).
LogModuleManager: Display: Found up-to-date module file ../../../Engine/Plugins/2D/Paper2D/Binaries/Win64/UE4Editor-PaperSpriteSheetImporter.dll (API version 3709383).
LogModuleManager: Display: Found up-to-date module file ../../../Engine/Plugins/2D/Paper2D/Binaries/Win64/UE4Editor-PaperTiledImporter.dll (API version 3709383).
LogModuleManager: Display: Found up-to-date module file ../../../Engine/Plugins/2D/Paper2D/Binaries/Win64/UE4Editor-SmartSnapping.dll (API version 3709383).
LogModuleManager: Display: Found up-to-date module file ../../../Engine/Plugins/Blendables/LightPropagationVolume/Binaries/Win64/UE4Editor-LightPropagationVolumeRuntime.dll (API version 3709383).
LogModuleManager: Display: Found up-to-date module file ../../../Engine/Plugins/Blendables/LightPropagationVolume/Binaries/Win64/UE4Editor-LightPropagationVolumeEditor.dll (API version 3709383).
LogModuleManager: Display: Found up-to-date module file ../../../Engine/Plugins/Developer/GitSourceControl/Binaries/Win64/UE4Editor-GitSourceControl.dll (API version 3709383).
LogModuleManager: Display: Found up-to-date module file ../../../Engine/Plugins/Developer/PerforceSourceControl/Binaries/Win64/UE4Editor-PerforceSourceControl.dll (API version 3709383).
LogModuleManager: Display: Found up-to-date module file ../../../Engine/Plugins/Developer/SubversionSourceControl/Binaries/Win64/UE4Editor-SubversionSourceControl.dll (API version 3709383).
LogModuleManager: Display: Found up-to-date module file ../../../Engine/Plugins/Developer/UObjectPlugin/Binaries/Win64/UE4Editor-UObjectPlugin.dll (API version 3709383).
LogModuleManager: Display: Found up-to-date module file ../../../Engine/Plugins/Developer/VisualStudioCodeSourceCodeAccess/Binaries/Win64/UE4Editor-VisualStudioCodeSourceCodeAccess.dll (API version 3709383).
LogModuleManager: Display: Found up-to-date module file ../../../Engine/Plugins/Developer/VisualStudioSourceCodeAccess/Binaries/Win64/UE4Editor-VisualStudioSourceCodeAccess.dll (API version 3709383).
LogModuleManager: Display: Found up-to-date module file ../../../Engine/Plugins/Editor/AssetManagerEditor/Binaries/Win64/UE4Editor-AssetManagerEditor.dll (API version 3709383).
LogModuleManager: Display: Found up-to-date module file ../../../Engine/Plugins/Editor/AudioCapture/Binaries/Win64/UE4Editor-AudioCapture.dll (API version 3709383).
LogModuleManager: Display: Found up-to-date module file ../../../Engine/Plugins/Editor/FacialAnimation/Binaries/Win64/UE4Editor-FacialAnimation.dll (API version 3709383).
LogModuleManager: Display: Found up-to-date module file ../../../Engine/Plugins/Editor/FacialAnimation/Binaries/Win64/UE4Editor-FacialAnimationEditor.dll (API version 3709383).
LogModuleManager: Display: Found up-to-date module file ../../../Engine/Plugins/Editor/GameplayTagsEditor/Binaries/Win64/UE4Editor-GameplayTagsEditor.dll (API version 3709383).
LogModuleManager: Display: Found up-to-date module file ../../../Engine/Plugins/Editor/MobileLauncherProfileWizard/Binaries/Win64/UE4Editor-MobileLauncherProfileWizard.dll (API version 3709383).
LogModuleManager: Display: Found up-to-date module file ../../../Engine/Plugins/Editor/PluginBrowser/Binaries/Win64/UE4Editor-PluginBrowser.dll (API version 3709383).
LogModuleManager: Display: Found up-to-date module file ../../../Engine/Plugins/Editor/SpeedTreeImporter/Binaries/Win64/UE4Editor-SpeedTreeImporter.dll (API version 3709383).
LogModuleManager: Display: Found up-to-date module file ../../../Engine/Plugins/Experimental/AlembicImporter/Binaries/Win64/UE4Editor-AlembicImporter.dll (API version 3709383).
LogModuleManager: Display: Found up-to-date module file ../../../Engine/Plugins/Experimental/AlembicImporter/Binaries/Win64/UE4Editor-AlembicLibrary.dll (API version 3709383).
LogModuleManager: Display: Found up-to-date module file ../../../Engine/Plugins/Experimental/CharacterAI/Binaries/Win64/UE4Editor-CharacterAI.dll (API version 3709383).
LogModuleManager: Display: Found up-to-date module file ../../../Engine/Plugins/Experimental/HTML5Networking/Binaries/Win64/UE4Editor-HTML5Networking.dll (API version 3709383).
LogModuleManager: Display: Found up-to-date module file ../../../Engine/Plugins/Media/AndroidMedia/Binaries/Win64/UE4Editor-AndroidMediaEditor.dll (API version 3709383).
LogModuleManager: Display: Found up-to-date module file ../../../Engine/Plugins/Media/AndroidMedia/Binaries/Win64/UE4Editor-AndroidMediaFactory.dll (API version 3709383).
LogModuleManager: Display: Found up-to-date module file ../../../Engine/Plugins/Media/AvfMedia/Binaries/Win64/UE4Editor-AvfMediaEditor.dll (API version 3709383).
LogModuleManager: Display: Found up-to-date module file ../../../Engine/Plugins/Media/AvfMedia/Binaries/Win64/UE4Editor-AvfMediaFactory.dll (API version 3709383).
LogModuleManager: Display: Found up-to-date module file ../../../Engine/Plugins/Media/AvfMedia/Binaries/Win64/UE4Editor-AvfMediaFactory.dll (API version 3709383).
LogModuleManager: Display: Found up-to-date module file ../../../Engine/Plugins/Media/ImgMedia/Binaries/Win64/UE4Editor-ImgMedia.dll (API version 3709383).
LogModuleManager: Display: Found up-to-date module file ../../../Engine/Plugins/Media/ImgMedia/Binaries/Win64/UE4Editor-ImgMediaEditor.dll (API version 3709383).
LogModuleManager: Display: Found up-to-date module file ../../../Engine/Plugins/Media/ImgMedia/Binaries/Win64/UE4Editor-ImgMediaFactory.dll (API version 3709383).
LogModuleManager: Display: Found up-to-date module file ../../../Engine/Plugins/Media/ImgMedia/Binaries/Win64/UE4Editor-ImgMediaFactory.dll (API version 3709383).
LogModuleManager: Display: Found up-to-date module file ../../../Engine/Plugins/Media/ImgMedia/Binaries/Win64/UE4Editor-OpenExrWrapper.dll (API version 3709383).
LogModuleManager: Display: Found up-to-date module file ../../../Engine/Plugins/Media/MediaCompositing/Binaries/Win64/UE4Editor-MediaCompositing.dll (API version 3709383).
LogModuleManager: Display: Found up-to-date module file ../../../Engine/Plugins/Media/MediaCompositing/Binaries/Win64/UE4Editor-MediaCompositingEditor.dll (API version 3709383).
LogModuleManager: Display: Found up-to-date module file ../../../Engine/Plugins/Media/MediaPlayerEditor/Binaries/Win64/UE4Editor-MediaPlayerEditor.dll (API version 3709383).
LogModuleManager: Display: Found up-to-date module file ../../../Engine/Plugins/Media/WmfMedia/Binaries/Win64/UE4Editor-WmfMedia.dll (API version 3709383).
LogModuleManager: Display: Found up-to-date module file ../../../Engine/Plugins/Media/WmfMedia/Binaries/Win64/UE4Editor-WmfMediaEditor.dll (API version 3709383).
LogModuleManager: Display: Found up-to-date module file ../../../Engine/Plugins/Media/WmfMedia/Binaries/Win64/UE4Editor-WmfMediaFactory.dll (API version 3709383).
LogModuleManager: Display: Found up-to-date module file ../../../Engine/Plugins/Media/WmfMedia/Binaries/Win64/UE4Editor-WmfMediaFactory.dll (API version 3709383).
LogModuleManager: Display: Found up-to-date module file ../../../Engine/Plugins/Messaging/TcpMessaging/Binaries/Win64/UE4Editor-TcpMessaging.dll (API version 3709383).
LogModuleManager: Display: Found up-to-date module file ../../../Engine/Plugins/Messaging/UdpMessaging/Binaries/Win64/UE4Editor-UdpMessaging.dll (API version 3709383).
LogModuleManager: Display: Found up-to-date module file ../../../Engine/Plugins/MovieScene/ActorSequence/Binaries/Win64/UE4Editor-ActorSequence.dll (API version 3709383).
LogModuleManager: Display: Found up-to-date module file ../../../Engine/Plugins/MovieScene/LevelSequenceEditor/Binaries/Win64/UE4Editor-LevelSequenceEditor.dll (API version 3709383).
LogModuleManager: Display: Found up-to-date module file ../../../Engine/Plugins/MovieScene/MatineeToLevelSequence/Binaries/Win64/UE4Editor-MatineeToLevelSequence.dll (API version 3709383).
LogModuleManager: Display: Found up-to-date module file ../../../Engine/Plugins/Online/OnlineSubsystem/Binaries/Win64/UE4Editor-OnlineSubsystem.dll (API version 3709383).
LogModuleManager: Display: Found up-to-date module file ../../../Engine/Plugins/Runtime/AndroidPermission/Binaries/Win64/UE4Editor-AndroidPermission.dll (API version 3709383).
LogModuleManager: Display: Found up-to-date module file ../../../Engine/Plugins/Online/OnlineSubsystemNull/Binaries/Win64/UE4Editor-OnlineSubsystemNull.dll (API version 3709383).
LogModuleManager: Display: Found up-to-date module file ../../../Engine/Plugins/Online/OnlineSubsystemUtils/Binaries/Win64/UE4Editor-OnlineSubsystemUtils.dll (API version 3709383).
LogModuleManager: Display: Found up-to-date module file ../../../Engine/Plugins/Online/OnlineSubsystemUtils/Binaries/Win64/UE4Editor-OnlineBlueprintSupport.dll (API version 3709383).
LogModuleManager: Display: Found up-to-date module file ../../../Engine/Plugins/Runtime/AndroidDeviceProfileSelector/Binaries/Win64/UE4Editor-AndroidDeviceProfileSelector.dll (API version 3709383).
LogModuleManager: Display: Found up-to-date module file ../../../Engine/Plugins/Runtime/AppleARKit/Binaries/Win64/UE4Editor-AppleARKit.dll (API version 3709383).
LogModuleManager: Display: Found up-to-date module file ../../../Engine/Plugins/Runtime/ArchVisCharacter/Binaries/Win64/UE4Editor-ArchVisCharacter.dll (API version 3709383).
LogModuleManager: Display: Found up-to-date module file ../../../Engine/Plugins/Runtime/CableComponent/Binaries/Win64/UE4Editor-CableComponent.dll (API version 3709383).
LogModuleManager: Display: Found up-to-date module file ../../../Engine/Plugins/Runtime/CustomMeshComponent/Binaries/Win64/UE4Editor-CustomMeshComponent.dll (API version 3709383).
LogModuleManager: Display: Found up-to-date module file ../../../Engine/Plugins/Runtime/ExampleDeviceProfileSelector/Binaries/Win64/UE4Editor-ExampleDeviceProfileSelector.dll (API version 3709383).
LogModuleManager: Display: Found up-to-date module file ../../../Engine/Plugins/Runtime/ImmediatePhysics/Binaries/Win64/UE4Editor-ImmediatePhysics.dll (API version 3709383).
LogModuleManager: Display: Found up-to-date module file ../../../Engine/Plugins/Runtime/ImmediatePhysics/Binaries/Win64/UE4Editor-ImmediatePhysicsEditor.dll (API version 3709383).
LogModuleManager: Display: Found up-to-date module file ../../../Engine/Plugins/Runtime/LocationServicesBPLibrary/Binaries/Win64/UE4Editor-LocationServicesBPLibrary.dll (API version 3709383).
LogModuleManager: Display: Found up-to-date module file ../../../Engine/Plugins/Runtime/MobilePatchingUtils/Binaries/Win64/UE4Editor-MobilePatchingUtils.dll (API version 3709383).
LogModuleManager: Display: Found up-to-date module file ../../../Engine/Plugins/Runtime/Oculus/OculusVR/Binaries/Win64/UE4Editor-OculusHMD.dll (API version 3709383).
LogModuleManager: Display: Found up-to-date module file ../../../Engine/Plugins/Runtime/Oculus/OculusVR/Binaries/Win64/UE4Editor-OculusInput.dll (API version 3709383).
LogModuleManager: Display: Found up-to-date module file ../../../Engine/Plugins/Runtime/Oculus/OculusVR/Binaries/Win64/UE4Editor-OculusEditor.dll (API version 3709383).
LogModuleManager: Display: Found up-to-date module file ../../../Engine/Plugins/Runtime/PhysXVehicles/Binaries/Win64/UE4Editor-PhysXVehicles.dll (API version 3709383).
LogModuleManager: Display: Found up-to-date module file ../../../Engine/Plugins/Runtime/PhysXVehicles/Binaries/Win64/UE4Editor-PhysXVehiclesEditor.dll (API version 3709383).
LogModuleManager: Display: Found up-to-date module file ../../../Engine/Plugins/Runtime/ProceduralMeshComponent/Binaries/Win64/UE4Editor-ProceduralMeshComponent.dll (API version 3709383).
LogModuleManager: Display: Found up-to-date module file ../../../Engine/Plugins/Runtime/ProceduralMeshComponent/Binaries/Win64/UE4Editor-ProceduralMeshComponentEditor.dll (API version 3709383).
LogModuleManager: Display: Found up-to-date module file ../../../Engine/Plugins/Runtime/RuntimePhysXCooking/Binaries/Win64/UE4Editor-RuntimePhysXCooking.dll (API version 3709383).
LogModuleManager: Display: Found up-to-date module file ../../../Engine/Plugins/Runtime/Steam/SteamVR/Binaries/Win64/UE4Editor-SteamVR.dll (API version 3709383).
LogModuleManager: Display: Found up-to-date module file ../../../Engine/Plugins/Runtime/Steam/SteamVR/Binaries/Win64/UE4Editor-SteamVRController.dll (API version 3709383).
LogModuleManager: Display: Found up-to-date module file ../../../Engine/Plugins/Runtime/WindowsMoviePlayer/Binaries/Win64/UE4Editor-WindowsMoviePlayer.dll (API version 3709383).
LogPluginManager: Mounting plugin Paper2D
LogPluginManager: Mounting plugin LightPropagationVolume
LogPluginManager: Mounting plugin CodeLiteSourceCodeAccess
LogPluginManager: Mounting plugin GitSourceControl
LogPluginManager: Mounting plugin KDevelopSourceCodeAccess
LogPluginManager: Mounting plugin NullSourceCodeAccess
LogPluginManager: Mounting plugin PerforceSourceControl
LogPluginManager: Mounting plugin SubversionSourceControl
LogPluginManager: Mounting plugin UObjectPlugin
LogPluginManager: Mounting plugin VisualStudioCodeSourceCodeAccess
LogPluginManager: Mounting plugin VisualStudioSourceCodeAccess
LogPluginManager: Mounting plugin XCodeSourceCodeAccess
LogPluginManager: Mounting plugin AssetManagerEditor
LogPluginManager: Mounting plugin AudioCapture
LogPluginManager: Mounting plugin FacialAnimation
LogPluginManager: Mounting plugin GameplayTagsEditor
LogPluginManager: Mounting plugin MobileLauncherProfileWizard
LogPluginManager: Mounting plugin PluginBrowser
LogPluginManager: Mounting plugin SpeedTreeImporter
LogPluginManager: Mounting plugin AlembicImporter
LogPluginManager: Mounting plugin CharacterAI
LogPluginManager: Mounting plugin HTML5Networking
LogPluginManager: Mounting plugin AndroidMedia
LogPluginManager: Mounting plugin AvfMedia
LogPluginManager: Mounting plugin ImgMedia
LogPluginManager: Mounting plugin MediaCompositing
LogPluginManager: Mounting plugin MediaPlayerEditor
LogPluginManager: Mounting plugin WmfMedia
LogPluginManager: Mounting plugin TcpMessaging
LogPluginManager: Mounting plugin UdpMessaging
LogPluginManager: Mounting plugin ActorSequence
LogPluginManager: Mounting plugin LevelSequenceEditor
LogPluginManager: Mounting plugin MatineeToLevelSequence
LogPluginManager: Mounting plugin OnlineSubsystemGooglePlay
LogPluginManager: Mounting plugin OnlineSubsystemIOS
LogPluginManager: Mounting plugin OnlineSubsystem
LogPluginManager: Mounting plugin OnlineSubsystemNull
LogPluginManager: Mounting plugin OnlineSubsystemUtils
LogPluginManager: Mounting plugin AndroidDeviceProfileSelector
LogPluginManager: Mounting plugin AndroidMoviePlayer
LogPluginManager: Mounting plugin AndroidPermission
LogPluginManager: Mounting plugin AppleARKit
LogPluginManager: Mounting plugin AppleMoviePlayer
LogPluginManager: Mounting plugin ArchVisCharacter
LogPluginManager: Mounting plugin CableComponent
LogPluginManager: Mounting plugin CustomMeshComponent
LogPluginManager: Mounting plugin ExampleDeviceProfileSelector
LogPluginManager: Mounting plugin GoogleCloudMessaging
LogPluginManager: Mounting plugin ImmediatePhysics
LogPluginManager: Mounting plugin IOSDeviceProfileSelector
LogPluginManager: Mounting plugin LinuxDeviceProfileSelector
LogPluginManager: Mounting plugin LocationServicesBPLibrary
LogPluginManager: Mounting plugin MobilePatchingUtils
LogPluginManager: Mounting plugin OculusVR
LogPluginManager: Plugin shader directory ../../../Engine/Plugins/Runtime/Oculus/OculusVR/Shaders found
LogPluginManager: Mapping shader source directory ../../../Engine/Plugins/Runtime/Oculus/OculusVR/Shaders to virtual directory /Plugin/OculusVR
LogPluginManager: Mounting plugin PhysXVehicles
LogPluginManager: Mounting plugin ProceduralMeshComponent
LogPluginManager: Mounting plugin RuntimePhysXCooking
LogPluginManager: Mounting plugin SteamVR
LogPluginManager: Mounting plugin WindowsMoviePlayer
LogInit: Using libcurl 7.47.1
LogInit:  - built for x86_64-pc-win32
LogInit:  - supports SSL with OpenSSL/1.0.2g
LogInit:  - supports HTTP deflate (compression) using libz 1.2.8
LogInit:  - other features:
LogInit:      CURL_VERSION_SSL
LogInit:      CURL_VERSION_LIBZ
LogInit:      CURL_VERSION_IPV6
LogInit:      CURL_VERSION_ASYNCHDNS
LogInit:      CURL_VERSION_LARGEFILE
LogInit:      CURL_VERSION_IDN
LogInit:  CurlRequestOptions (configurable via config and command line):
LogInit:  - bVerifyPeer = false  - Libcurl will NOT verify peer certificate
LogInit:  - bUseHttpProxy = false  - Libcurl will NOT use HTTP proxy
LogInit:  - bDontReuseConnections = false  - Libcurl will reuse connections
LogInit:  - CertBundlePath = nullptr  - Libcurl will use whatever was configured at build time.
LogInit: Build: ++UE4+Release-4.18-CL-3832480
LogInit: Engine Version: 4.18.3-3832480+++UE4+Release-4.18
LogInit: Compatible Engine Version: 4.18.0-3709383+++UE4+Release-4.18
LogInit: Net CL: 3709383
LogDevObjectVersion: Number of dev versions registered: 16
LogDevObjectVersion:   Dev-Blueprints (B0D832E4-1F89-4F0D-ACCF-7EB736FD4AA2): 10
LogDevObjectVersion:   Dev-Build (E1C64328-A22C-4D53-A36C-8E866417BD8C): 0
LogDevObjectVersion:   Dev-Core (375EC13C-06E4-48FB-B500-84F0262A717E): 2
LogDevObjectVersion:   Dev-Editor (E4B068ED-F494-42E9-A231-DA0B2E46BB41): 20
LogDevObjectVersion:   Dev-Framework (CFFC743F-43B0-4480-9391-14DF171D2073): 30
LogDevObjectVersion:   Dev-Mobile (B02B49B5-BB20-44E9-A304-32B752E40360): 0
LogDevObjectVersion:   Dev-Networking (A4E4105C-59A1-49B5-A7C5-40C4547EDFEE): 0
LogDevObjectVersion:   Dev-Online (39C831C9-5AE6-47DC-9A44-9C173E1C8E7C): 0
LogDevObjectVersion:   Dev-Physics (78F01B33-EBEA-4F98-B9B4-84EACCB95AA2): 0
LogDevObjectVersion:   Dev-Platform (6631380F-2D4D-43E0-8009-CF276956A95A): 0
LogDevObjectVersion:   Dev-Rendering (12F88B9F-8875-4AFC-A67C-D90C383ABD29): 20
LogDevObjectVersion:   Dev-Sequencer (7B5AE74C-D270-4C10-A958-57980B212A5A): 4
LogDevObjectVersion:   Dev-VR (D7296918-1DD6-4BDD-9DE2-64A83CC13884): 0
LogDevObjectVersion:   Dev-LoadTimes (C2A15278-BFE7-4AFE-6C17-90FF531DF755): 1
LogDevObjectVersion:   Private-Geometry (6EACA3D4-40EC-4CC1-B786-8BED09428FC5): 1
LogDevObjectVersion:   Dev-AnimPhys (29E575DD-E0A3-4627-9D10-D276232CDCEA): 12
LogInit: Compiled (64-bit): Jan 12 2018 02:04:55
LogInit: Compiled with Visual C++: 19.00.24215.01
LogInit: Build Configuration: Development
LogInit: Branch Name: ++UE4+Release-4.18
LogInit: Command line: 
LogInit: Base directory: C:/Program Files/Epic Games/UE_4.18/Engine/Binaries/Win64/
LogInit: Installed Engine Build: 1
LogInit: Presizing for max 8388607 objects, including 0 objects not considered by GC, pre-allocating 0 bytes for permanent pool.
LogInit: Object subsystem initialized
[2018.01.23-14.38.20:665][  0]LogInit: Selected Device Profile: [Windows]
[2018.01.23-14.38.20:665][  0]LogInit: Applying CVar settings loaded from the selected device profile: [Windows]
[2018.01.23-14.38.21:198][  0]LogInit: Computer: ARTISS-SURFACE
[2018.01.23-14.38.21:198][  0]LogInit: User: JulesAgostini
[2018.01.23-14.38.21:198][  0]LogInit: CPU Page size=4096, Cores=2
[2018.01.23-14.38.21:198][  0]LogInit: High frequency timer resolution =2.437505 MHz
[2018.01.23-14.38.21:198][  0]LogMemory: Memory total: Physical=7.9GB (8GB approx)
[2018.01.23-14.38.21:198][  0]LogMemory: Platform Memory Stats for Windows
[2018.01.23-14.38.21:198][  0]LogMemory: Process Physical Memory: 271.14 MB used, 271.14 MB peak
[2018.01.23-14.38.21:198][  0]LogMemory: Process Virtual Memory: 269.30 MB used, 269.30 MB peak
[2018.01.23-14.38.21:198][  0]LogMemory: Physical Memory: 5773.44 MB used,  2343.85 MB free, 8117.29 MB total
[2018.01.23-14.38.21:198][  0]LogMemory: Virtual Memory: 678.27 MB used,  2343.85 MB free, 134217728.00 MB total
[2018.01.23-14.38.22:158][  0]LogInit: Using OS detected language (fr-FR).
[2018.01.23-14.38.22:158][  0]LogInit: Using OS detected locale (fr-FR).
[2018.01.23-14.38.22:164][  0]LogTextLocalizationManager: No localization for 'fr-FR' exists, so 'en' will be used for the language.
[2018.01.23-14.38.22:165][  0]LogTextLocalizationManager: No localization for 'fr-FR' exists, so 'en' will be used for the locale.
[2018.01.23-14.38.22:808][  0]LogInit: Setting process to per monitor DPI aware
[2018.01.23-14.38.26:195][  0]LogD3D11RHI: D3D11 adapters:
[2018.01.23-14.38.26:301][  0]LogD3D11RHI:    0. 'NVIDIA GeForce GPU' (Feature Level 11_0)
[2018.01.23-14.38.26:301][  0]LogD3D11RHI:       997/0/4058 MB DedicatedVideo/DedicatedSystem/SharedSystem, Outputs:2, VendorId:0x10de
[2018.01.23-14.38.26:312][  0]LogD3D11RHI:    1. 'Intel(R) HD Graphics 520' (Feature Level 11_0)
[2018.01.23-14.38.26:312][  0]LogD3D11RHI:       128/0/4058 MB DedicatedVideo/DedicatedSystem/SharedSystem, Outputs:0, VendorId:0x8086
[2018.01.23-14.38.26:316][  0]LogD3D11RHI:    2. 'Microsoft Basic Render Driver' (Feature Level 11_0)
[2018.01.23-14.38.26:316][  0]LogD3D11RHI:       0/0/4058 MB DedicatedVideo/DedicatedSystem/SharedSystem, Outputs:0, VendorId:0x1414
[2018.01.23-14.38.26:316][  0]LogD3D11RHI: Chosen D3D11 Adapter: 0
[2018.01.23-14.38.26:328][  0]LogD3D11RHI: Creating new Direct3DDevice
[2018.01.23-14.38.26:328][  0]LogD3D11RHI:     GPU DeviceId: 0x134b (for the marketing name, search the web for "GPU Device Id")
[2018.01.23-14.38.26:328][  0]LogWindows: EnumDisplayDevices:
[2018.01.23-14.38.26:328][  0]LogWindows:    0. 'Intel(R) HD Graphics 520' (P:1 D:1)
[2018.01.23-14.38.26:328][  0]LogWindows:    1. 'Intel(R) HD Graphics 520' (P:0 D:1)
[2018.01.23-14.38.26:328][  0]LogWindows:    2. 'Intel(R) HD Graphics 520' (P:0 D:0)
[2018.01.23-14.38.26:328][  0]LogWindows: DebugString: GetVideoDriverDetailsInvalid PrimaryIsNotTheChoosenAdapter GetVideoDriverDetailsInvalid PrimaryIsNotTheChoosenAdapter GetVideoDriverDetailsInvalid PrimaryIsNotTheChoosenAdapter FoundDriverCount:0 
[2018.01.23-14.38.26:328][  0]LogD3D11RHI:     Adapter Name: NVIDIA GeForce GPU
[2018.01.23-14.38.26:328][  0]LogD3D11RHI:   Driver Version: Unknown (internal:Unknown, unified:Unknown)
[2018.01.23-14.38.26:328][  0]LogD3D11RHI:      Driver Date: Unknown
[2018.01.23-14.38.26:328][  0]LogRHI: Texture pool is 698 MB (70% of 997 MB)
[2018.01.23-14.38.26:366][  0]LogD3D11RHI: Async texture creation enabled
[2018.01.23-14.38.26:392][  0]LogD3D11RHI: GPU Timing Frequency: 1000.000000 (Debug: 2 1)
[2018.01.23-14.38.26:397][  0]LogShaderCompilers: Guid format shader working directory is 26 characters bigger than the processId version (D:/Documents/GitHub/YoungBucks/Intermediate/Shaders/WorkingDirectory/992/).
[2018.01.23-14.38.26:397][  0]LogShaderCompilers: Cleaned the shader compiler working directory 'C:/Users/Jules Agostini/AppData/Local/Temp/UnrealShaderWorkingDir/6D416596440E3541FF285AB748ED7990/'.
[2018.01.23-14.38.26:397][  0]LogShaderCompilers: Display: Using Local Shader Compiler.
[2018.01.23-14.38.29:191][  0]LogTemp: Display: Loaded TP AllDesktopTargetPlatform
[2018.01.23-14.38.29:272][  0]LogTemp: Display: Loaded TP MacClientTargetPlatform
[2018.01.23-14.38.29:353][  0]LogTemp: Display: Loaded TP MacNoEditorTargetPlatform
[2018.01.23-14.38.29:434][  0]LogTemp: Display: Loaded TP MacServerTargetPlatform
[2018.01.23-14.38.29:522][  0]LogTemp: Display: Loaded TP MacTargetPlatform
[2018.01.23-14.38.29:599][  0]LogTemp: Display: Loaded TP WindowsClientTargetPlatform
[2018.01.23-14.38.29:677][  0]LogTemp: Display: Loaded TP WindowsNoEditorTargetPlatform
[2018.01.23-14.38.29:759][  0]LogTemp: Display: Loaded TP WindowsServerTargetPlatform
[2018.01.23-14.38.29:833][  0]LogTemp: Display: Loaded TP WindowsTargetPlatform
[2018.01.23-14.38.29:912][  0]LogTemp: Display: Loaded TP Android_ASTCTargetPlatform
[2018.01.23-14.38.29:989][  0]LogTemp: Display: Loaded TP Android_ATCTargetPlatform
[2018.01.23-14.38.30:064][  0]LogTemp: Display: Loaded TP Android_DXTTargetPlatform
[2018.01.23-14.38.30:142][  0]LogTemp: Display: Loaded TP Android_ETC1TargetPlatform
[2018.01.23-14.38.30:220][  0]LogTemp: Display: Loaded TP Android_ETC2TargetPlatform
[2018.01.23-14.38.30:380][  0]LogTemp: Display: Loaded TP Android_MultiTargetPlatform
[2018.01.23-14.38.30:380][  0]LogTemp: Display: Loaded TP Android_PVRTCTargetPlatform
[2018.01.23-14.38.30:464][  0]LogTemp: Display: Loaded TP AndroidTargetPlatform
[2018.01.23-14.38.30:530][  0]LogTemp: Display: Loaded TP HTML5TargetPlatform
[2018.01.23-14.38.30:681][  0]LogTemp: Display: Loaded TP IOSTargetPlatform
[2018.01.23-14.38.30:723][  0]LogTemp: Display: Loaded TP TVOSTargetPlatform
[2018.01.23-14.38.30:801][  0]LogTemp: Display: Loaded TP LinuxClientTargetPlatform
[2018.01.23-14.38.30:875][  0]LogTemp: Display: Loaded TP LinuxNoEditorTargetPlatform
[2018.01.23-14.38.30:956][  0]LogTemp: Display: Loaded TP LinuxServerTargetPlatform
[2018.01.23-14.38.31:041][  0]LogTemp: Display: Loaded TP LinuxTargetPlatform
[2018.01.23-14.38.31:041][  0]LogTargetPlatformManager: Display: Building Assets For Windows
[2018.01.23-14.38.31:867][  0]LogDerivedDataCache: Display: Max Cache Size: 512 MB
[2018.01.23-14.38.32:235][  0]LogDerivedDataCache: Loaded boot cache 0.37s 78MB C:/Users/Jules Agostini/AppData/Local/UnrealEngine/4.18/DerivedDataCache/Boot.ddc.
[2018.01.23-14.38.32:235][  0]LogDerivedDataCache: Display: Loaded Boot cache: C:/Users/Jules Agostini/AppData/Local/UnrealEngine/4.18/DerivedDataCache/Boot.ddc
[2018.01.23-14.38.32:235][  0]LogDerivedDataCache: FDerivedDataBackendGraph:  Pak pak cache file D:/Documents/GitHub/YoungBucks/DerivedDataCache/DDC.ddp not found, will not use a pak cache.
[2018.01.23-14.38.32:235][  0]LogDerivedDataCache: Unable to find inner node Pak for hierarchical cache Hierarchy.
[2018.01.23-14.38.32:235][  0]LogDerivedDataCache: FDerivedDataBackendGraph:  CompressedPak pak cache file D:/Documents/GitHub/YoungBucks/DerivedDataCache/Compressed.ddp not found, will not use a pak cache.
[2018.01.23-14.38.32:235][  0]LogDerivedDataCache: Unable to find inner node CompressedPak for hierarchical cache Hierarchy.
[2018.01.23-14.38.32:282][  0]LogDerivedDataCache: Display: Pak cache opened for reading ../../../Engine/DerivedDataCache/Compressed.ddp.
[2018.01.23-14.38.32:295][  0]LogDerivedDataCache: Using Local data cache path C:/Users/Jules Agostini/AppData/Local/UnrealEngine/Common/DerivedDataCache: Writable
[2018.01.23-14.38.32:316][  0]LogMaterial: Verifying Global Shaders for PCD3D_SM5
[2018.01.23-14.38.32:318][  0]LogSlate: Using Freetype 2.6.0
[2018.01.23-14.38.32:319][  0]LogSlate: SlateFontCache - WITH_FREETYPE: 1, WITH_HARFBUZZ: 1
[2018.01.23-14.38.32:319][  0]LogSlate: SlateFontCache - WITH_FREETYPE: 1, WITH_HARFBUZZ: 1
[2018.01.23-14.38.33:104][  0]LogInit: Selected Device Profile: [Windows]
[2018.01.23-14.38.33:774][  0]LogSimplygon: Simplygon DLL not present - disabling.
[2018.01.23-14.38.33:848][  0]LogMeshReduction: Using SimplygonSwarm for distributed automatic mesh merging
[2018.01.23-14.38.33:849][  0]LogMeshReduction: Using QuadricMeshReduction for automatic static mesh reduction
[2018.01.23-14.38.33:849][  0]LogMeshReduction: No automatic skeletal mesh reduction module available
[2018.01.23-14.38.33:849][  0]LogMeshReduction: No automatic mesh merging module available
[2018.01.23-14.38.33:849][  0]LogMeshMerging: No automatic mesh merging module available
[2018.01.23-14.38.33:948][  0]LogNetVersion: YoungBucks , NetCL: 3709383, EngineNetVer: 2, GameNetVer: 0 (Checksum: 4009115726)
[2018.01.23-14.38.34:495][  0]LogAssetRegistry: FAssetRegistry took 0.0278 seconds to start up
[2018.01.23-14.38.36:943][  0]LogPackageLocalizationCache: Processed 7 localized package path(s) for 1 prioritized culture(s) in 0.818579 seconds
[2018.01.23-14.38.36:951][  0]LogUObjectArray: 35870 objects as part of root set at end of initial load.
[2018.01.23-14.38.36:951][  0]LogUObjectAllocator: 7363704 out of 0 bytes used by permanent object pool.
[2018.01.23-14.38.36:951][  0]LogUObjectArray: CloseDisregardForGC: 0/0 objects in disregard for GC pool
[2018.01.23-14.38.37:042][  0]LogInit: WinSock: version 1.1 (2.2), MaxSocks=32767, MaxUdp=65467
[2018.01.23-14.38.45:813][  0]LogTcpMessaging: Initializing TcpMessaging bridge
[2018.01.23-14.38.45:878][  0]LogUdpMessaging: Initializing bridge on interface 0.0.0.0:0 to multicast group 230.0.0.1:6666.
[2018.01.23-14.38.47:181][  0]LogMaterial: Uniform references updated for custom material expression Custom.
[2018.01.23-14.38.48:011][  0]SourceControl: Source control is disabled
[2018.01.23-14.38.48:012][  0]SourceControl: Source control is disabled
[2018.01.23-14.38.48:113][  0]SourceControl: Source control is disabled
[2018.01.23-14.38.48:205][  0]SourceControl: Source control is disabled
[2018.01.23-14.38.49:662][  0]LogAndroidPermission: UAndroidPermissionCallbackProxy::GetInstance
[2018.01.23-14.38.50:116][  0]LogOcInput: OculusInput pre-init called
[2018.01.23-14.38.50:680][  0]LogEngine: Initializing Engine...
[2018.01.23-14.38.50:687][  0]LogHMD: Failed to initialize OpenVR with code 110
[2018.01.23-14.38.51:225][  0]LogStats: UGameplayTagsManager::ConstructGameplayTagTree: Construct from data asset -  0.000 s
[2018.01.23-14.38.51:225][  0]LogStats: UGameplayTagsManager::ConstructGameplayTagTree: GameplayTagTreeChangedEvent.Broadcast -  0.000 s
[2018.01.23-14.38.51:484][  0]LogAIModule: Creating AISystem for world Untitled
[2018.01.23-14.38.51:508][  0]LogInit: XAudio2 using 'Casque (Realtek High Definition Audio(SST))' : 2 channels at 48 kHz using 32 bits per sample (channel mask 0x3)
[2018.01.23-14.38.52:644][  0]LogInit: FAudioDevice initialized.
[2018.01.23-14.38.52:751][  0]LogDerivedDataCache: Saved boot cache 0.10s 79MB C:/Users/Jules Agostini/AppData/Local/UnrealEngine/4.18/DerivedDataCache/Boot.ddc.
[2018.01.23-14.38.52:778][  0]LogInit: Texture streaming: Enabled
[2018.01.23-14.38.52:969][  0]LogEngineSessionManager: EngineSessionManager initialized
[2018.01.23-14.38.52:969][  0]LogEngineSessionManager: EngineSessionManager sent abnormal shutdown report. Type=Crashed, SessionId={DFBF332A-41B3-5F67-83C6-5DA4C8639731}
[2018.01.23-14.38.53:205][  0]LogInit: Transaction tracking system initialized
[2018.01.23-14.38.54:020][  0]BlueprintLog: New page: Editor Load
[2018.01.23-14.38.56:671][  0]LocalizationService: Localization service is disabled
[2018.01.23-14.38.59:053][  0]LogConsoleResponse: Display: 
[2018.01.23-14.39.00:077][  0]LogCook: Display: Max memory allowance for cook 16384mb min free memory 0mb
[2018.01.23-14.39.00:078][  0]LogCook: Display: Mobile HDR setting 1
[2018.01.23-14.39.00:078][  0]LogGameplayTags: Display: UGameplayTagsManager::DoneAddingNativeTags. DelegateIsBound: 0
[2018.01.23-14.39.00:382][  0]LogFileCache: Scanning file cache for directory 'D:/Documents/GitHub/YoungBucks/Content/' took 0.02s
[2018.01.23-14.39.03:754][  0]SourceControl: Source control is disabled
[2018.01.23-14.39.03:946][  0]LogWindowsTextInputMethodSystem: Display: IME system now deactivated.
[2018.01.23-14.39.03:946][  0]LogWindowsTextInputMethodSystem: Display: IME system now deactivated.
[2018.01.23-14.39.03:993][  0]LogSlate: Took 0.000278 seconds to synchronously load lazily loaded font '../../../Engine/Content/Slate/Fonts/Roboto-Regular.ttf' (155K)
[2018.01.23-14.39.26:271][  0]LogWindowsTextInputMethodSystem: Display: IME system now deactivated.
[2018.01.23-14.39.26:272][  0]LogWindowsTextInputMethodSystem: Display: IME system now deactivated.
[2018.01.23-14.39.26:310][  0]LogWindowsTextInputMethodSystem: Display: IME system now deactivated.
[2018.01.23-14.39.26:311][  0]LogWindowsTextInputMethodSystem: Display: IME system now deactivated.
[2018.01.23-14.39.31:403][  0]LogWindowsTextInputMethodSystem: Display: IME system now deactivated.
[2018.01.23-14.39.31:403][  0]LogWindowsTextInputMethodSystem: Display: IME system now deactivated.
[2018.01.23-14.39.32:066][  0]LogWindowsTextInputMethodSystem: Display: IME system now deactivated.
[2018.01.23-14.39.32:066][  0]LogWindowsTextInputMethodSystem: Display: IME system now deactivated.
[2018.01.23-14.39.32:069][  0]Cmd: MAP LOAD FILE="D:/Documents/GitHub/YoungBucks/Content/Character/ThirdPersonBP/Maps/ThirdPersonExampleMap.umap" TEMPLATE=0 SHOWPROGRESS=1 FEATURELEVEL=3
[2018.01.23-14.39.32:070][  0]LightingResults: New page: Lighting Build
[2018.01.23-14.39.32:205][  0]MapCheck: New page: Map Check
[2018.01.23-14.39.32:206][  0]LightingResults: New page: Lighting Build
[2018.01.23-14.39.38:938][  0]LogAIModule: Creating AISystem for world ThirdPersonExampleMap
[2018.01.23-14.39.39:004][  0]LogEditorServer: Finished looking for orphan Actors (0.000 secs)
[2018.01.23-14.39.39:047][  0]Cmd: MAP CHECKDEP NOCLEARLOG
[2018.01.23-14.39.39:202][  0]MapCheck: Map check complete: 0 Error(s), 0 Warning(s), took 154.453ms to complete.
[2018.01.23-14.39.39:203][  0]LogFileHelpers: Loading map 'ThirdPersonExampleMap' took 7.135
[2018.01.23-14.39.39:453][  0]LogStats: Warning: MetaData mismatch. Did you assign a stat to two groups? New //STATGROUP_Threads//SplashScreenThread///Thread_224c_0///####STATCAT_Advanced#### old //STATGROUP_Threads//SplashScreenThread///Thread_2254_0///####STATCAT_Advanced####
[2018.01.23-14.39.39:453][  0]LogCollectionManager: Loaded 0 collections in 0.003009 seconds
[2018.01.23-14.39.39:590][  0]LogFileCache: Scanning file cache for directory 'D:/Documents/GitHub/YoungBucks/Saved/Collections/' took 0.01s
[2018.01.23-14.39.39:590][  0]LogFileCache: Scanning file cache for directory 'D:/Documents/GitHub/YoungBucks/Content/Developers/JulesAgostini/Collections/' took 0.01s
[2018.01.23-14.39.39:590][  0]LogFileCache: Scanning file cache for directory 'D:/Documents/GitHub/YoungBucks/Content/Collections/' took 0.01s
[2018.01.23-14.39.39:590][  0]LogCollectionManager: Rebuilt the GUID cache for 0 collections in 0.000000 seconds
[2018.01.23-14.39.39:607][  0]LogContentBrowser: Native class hierarchy populated in 0.0151 seconds. Added 2363 classes and 519 folders.
[2018.01.23-14.39.39:725][  0]LogContentBrowser: Native class hierarchy updated for 'WidgetCarousel' in 0.0003 seconds. Added 0 classes and 0 folders.
[2018.01.23-14.39.40:339][  0]LogContentBrowser: Native class hierarchy updated for 'AddContentDialog' in 0.0003 seconds. Added 0 classes and 0 folders.
[2018.01.23-14.39.40:599][  0]LogContentBrowser: Native class hierarchy updated for 'SceneOutliner' in 0.0005 seconds. Added 1 classes and 2 folders.
[2018.01.23-14.39.40:687][  0]LogSlate: Took 0.000323 seconds to synchronously load lazily loaded font '../../../Engine/Content/Slate/Fonts/Roboto-Bold.ttf' (160K)
[2018.01.23-14.39.40:732][  0]LogSlate: Took 0.032870 seconds to synchronously load lazily loaded font '../../../Engine/Content/Editor/Slate/Fonts/FontAwesome.ttf' (139K)
[2018.01.23-14.39.41:120][  0]LogRenderer: Reallocating scene render targets to support 896x568 Format 9 NumSamples 1 (Frame:1).
[2018.01.23-14.39.41:597][  0]LogContentBrowser: Native class hierarchy updated for 'HierarchicalLODOutliner' in 0.0003 seconds. Added 1 classes and 2 folders.
[2018.01.23-14.39.41:597][  0]LogLoad: (Engine Initialization) Total time: 88.61 seconds
[2018.01.23-14.39.41:598][  0]LogLoad: (Engine Initialization) Total Blueprint compile time: 0.00 seconds
[2018.01.23-14.39.41:598][  0]LogExternalProfiler: No external profilers were discovered.  External profiling features will not be available.
[2018.01.23-14.39.41:635][  0]LogContentStreaming: Texture pool size now 600 MB
[2018.01.23-14.39.41:971][  2]LogAssetRegistry: Asset discovery search completed in 67.4988 seconds
[2018.01.23-14.39.41:975][  2]LogCollectionManager: Rebuilt the object cache for 0 collections in 0.000000 seconds (found 0 objects)
[2018.01.23-14.39.41:976][  2]LogCollectionManager: Fixed up redirectors for 0 collections in 0.001755 seconds (updated 0 objects)
[2018.01.23-14.39.42:885][ 15]LogSlate: Took 0.106822 seconds to synchronously load lazily loaded font '../../../Engine/Content/Slate/Fonts/Roboto-Light.ttf' (159K)
[2018.01.23-14.39.45:975][ 64]LogSlate: Took 0.000503 seconds to synchronously load lazily loaded font '../../../Engine/Content/Slate/Fonts/Roboto-Light.ttf' (159K)
[2018.01.23-14.39.46:742][ 64]LogSlate: Took 0.000231 seconds to synchronously load lazily loaded font '../../../Engine/Content/Slate/Fonts/Roboto-Regular.ttf' (155K)
[2018.01.23-14.39.46:942][ 64]LogContentBrowser: Native class hierarchy updated for 'BlueprintGraph' in 0.0042 seconds. Added 116 classes and 0 folders.
[2018.01.23-14.39.48:662][ 64]LogSlate: Took 0.007012 seconds to synchronously load lazily loaded font '../../../Engine/Content/Editor/Slate/Fonts/Roboto-BoldCondensed.ttf' (158K)
[2018.01.23-14.39.48:968][ 65]LogSlate: Took 0.014257 seconds to synchronously load lazily loaded font '../../../Engine/Content/Editor/Slate/Fonts/Roboto-Italic.ttf' (157K)
[2018.01.23-14.48.53:923][570]BlueprintLog: New page: Compile BP_WeatherManager
[2018.01.23-14.49.00:895][580]Cmd: OBJ SAVEPACKAGE PACKAGE="/Game/Weather/BP_WeatherManager" FILE="D:/Documents/GitHub/YoungBucks/Content/Weather/BP_WeatherManager.uasset" SILENT=true
[2018.01.23-14.49.01:486][580]LogSavePackage: Save=426.35ms
[2018.01.23-14.49.01:486][580]LogSavePackage: Moving 'D:/Documents/GitHub/YoungBucks/Saved/BP_WeatherManager84D505924970178A318585B70C98E072.tmp' to 'D:/Documents/GitHub/YoungBucks/Content/Weather/BP_WeatherManager.uasset'
[2018.01.23-14.49.01:494][580]LogSavePackage: Display: Finished SavePackage D:/Documents/GitHub/YoungBucks/Content/Weather/BP_WeatherManager.uasset
[2018.01.23-14.49.02:168][608]LogRenderer: Reallocating scene render targets to support 1152x620 Format 9 NumSamples 1 (Frame:47).
[2018.01.23-14.49.04:356][675]LogEditorViewport: Clicking on Actor (LMB): ExponentialHeightFog (ExponentialHeightFog)
[2018.01.23-14.50.19:133][908]LogSavePackage: Save=274.08ms
[2018.01.23-14.50.19:133][908]LogSavePackage: Moving 'D:/Documents/GitHub/YoungBucks/Saved/ThirdPersonExampleMap_Auto1D3D31A0C4D76F2144C990AA41FF49ECA.tmp' to 'D:/Documents/GitHub/YoungBucks/Saved/Autosaves/Game/Character/ThirdPersonBP/Maps/ThirdPersonExampleMap_Auto1.umap'
[2018.01.23-14.50.19:136][908]LogSavePackage: Display: Finished SavePackage D:/Documents/GitHub/YoungBucks/Saved/Autosaves/Game/Character/ThirdPersonBP/Maps/ThirdPersonExampleMap_Auto1.umap
[2018.01.23-14.50.19:145][908]LogFileHelpers: Editor autosave (incl. sublevels) for '/Game/Character/ThirdPersonBP/Maps/ThirdPersonExampleMap' took 0.488
[2018.01.23-14.50.19:145][908]LogFileHelpers: Editor autosave (incl. sublevels) for all levels took 0.488
[2018.01.23-14.51.21:874][335]LogEditorViewport: Clicking on Actor (LMB): ExponentialHeightFog (ExponentialHeightFog)
[2018.01.23-14.52.04:395][867]LogTemp: Repeating last play command: Selected Viewport
[2018.01.23-14.52.04:973][867]LogBlueprintUserMessages: Early PlayInEditor Detection: Level '/Game/Character/ThirdPersonBP/Maps/ThirdPersonExampleMap.ThirdPersonExampleMap:PersistentLevel' has LevelScriptBlueprint '/Game/Character/ThirdPersonBP/Maps/ThirdPersonExampleMap.ThirdPersonExampleMap:PersistentLevel.ThirdPersonExampleMap' with GeneratedClass '/Game/Character/ThirdPersonBP/Maps/ThirdPersonExampleMap.ThirdPersonExampleMap_C' with ClassGeneratedBy '/Game/Character/ThirdPersonBP/Maps/ThirdPersonExampleMap.ThirdPersonExampleMap:PersistentLevel.ThirdPersonExampleMap'
[2018.01.23-14.52.04:974][867]LogPlayLevel: PlayLevel: No blueprints needed recompiling
[2018.01.23-14.52.04:986][867]PIE: New page: PIE session: ThirdPersonExampleMap (Jan 23, 2018, 4:52:04 PM)
[2018.01.23-14.52.05:029][867]LogPlayLevel: Creating play world package: /Game/Character/ThirdPersonBP/Maps/UEDPIE_0_ThirdPersonExampleMap
[2018.01.23-14.52.05:054][867]LogPlayLevel: PIE: StaticDuplicateObject took: (0.024957s)
[2018.01.23-14.52.05:056][867]LogAIModule: Creating AISystem for world ThirdPersonExampleMap
[2018.01.23-14.52.05:056][867]LogPlayLevel: PIE: World Init took: (0.002578s)
[2018.01.23-14.52.05:058][867]LogPlayLevel: PIE: Created PIE world by copying editor world from /Game/Character/ThirdPersonBP/Maps/ThirdPersonExampleMap.ThirdPersonExampleMap to /Game/Character/ThirdPersonBP/Maps/UEDPIE_0_ThirdPersonExampleMap.ThirdPersonExampleMap (0.029073s)
[2018.01.23-14.52.05:106][867]LogInit: XAudio2 using 'Casque (Realtek High Definition Audio(SST))' : 2 channels at 48 kHz using 32 bits per sample (channel mask 0x3)
[2018.01.23-14.52.05:129][867]LogInit: FAudioDevice initialized.
[2018.01.23-14.52.05:278][867]LogLoad: Game class is 'BP_SurvivalGameMode_C'
[2018.01.23-14.52.05:290][867]LogWorld: Bringing World /Game/Character/ThirdPersonBP/Maps/UEDPIE_0_ThirdPersonExampleMap.ThirdPersonExampleMap up for play (max tick rate 60) at 2018.01.23-15.52.05
[2018.01.23-14.52.05:296][867]LogWorld: Bringing up level for play took: 0.008232
[2018.01.23-14.52.05:421][867]LogContentBrowser: Native class hierarchy updated for 'MovieSceneCapture' in 0.0004 seconds. Added 11 classes and 0 folders.
[2018.01.23-14.52.05:444][867]PIE: Play in editor start time for /Game/Character/ThirdPersonBP/Maps/UEDPIE_0_ThirdPersonExampleMap -0.192
[2018.01.23-14.52.05:445][867]LogBlueprintUserMessages: Late PlayInEditor Detection: Level '/Game/Character/ThirdPersonBP/Maps/ThirdPersonExampleMap.ThirdPersonExampleMap:PersistentLevel' has LevelScriptBlueprint '/Game/Character/ThirdPersonBP/Maps/ThirdPersonExampleMap.ThirdPersonExampleMap:PersistentLevel.ThirdPersonExampleMap' with GeneratedClass '/Game/Character/ThirdPersonBP/Maps/ThirdPersonExampleMap.ThirdPersonExampleMap_C' with ClassGeneratedBy '/Game/Character/ThirdPersonBP/Maps/ThirdPersonExampleMap.ThirdPersonExampleMap:PersistentLevel.ThirdPersonExampleMap'
[2018.01.23-14.52.38:168][870]LogBlueprintUserMessages: Early EndPlayMap Detection: Level '/Game/Character/ThirdPersonBP/Maps/ThirdPersonExampleMap.ThirdPersonExampleMap:PersistentLevel' has LevelScriptBlueprint '/Game/Character/ThirdPersonBP/Maps/ThirdPersonExampleMap.ThirdPersonExampleMap:PersistentLevel.ThirdPersonExampleMap' with GeneratedClass '/Game/Character/ThirdPersonBP/Maps/ThirdPersonExampleMap.ThirdPersonExampleMap_C' with ClassGeneratedBy '/Game/Character/ThirdPersonBP/Maps/ThirdPersonExampleMap.ThirdPersonExampleMap:PersistentLevel.ThirdPersonExampleMap'
[2018.01.23-14.52.38:237][870]LogBlueprintUserMessages: Late EndPlayMap Detection: Level '/Game/Character/ThirdPersonBP/Maps/ThirdPersonExampleMap.ThirdPersonExampleMap:PersistentLevel' has LevelScriptBlueprint '/Game/Character/ThirdPersonBP/Maps/ThirdPersonExampleMap.ThirdPersonExampleMap:PersistentLevel.ThirdPersonExampleMap' with GeneratedClass '/Game/Character/ThirdPersonBP/Maps/ThirdPersonExampleMap.ThirdPersonExampleMap_C' with ClassGeneratedBy '/Game/Character/ThirdPersonBP/Maps/ThirdPersonExampleMap.ThirdPersonExampleMap:PersistentLevel.ThirdPersonExampleMap'
[2018.01.23-14.53.58:460][869]MapCheck: New page: Map Check
[2018.01.23-14.53.58:536][869]Cmd: MAP REBUILD ALLVISIBLE
[2018.01.23-14.53.58:537][869]LogEditorServer: Rebuildmap Clear paths rebuilt
[2018.01.23-14.53.58:698][869]LogMaterial: Missing cached shader map for material FDebugViewModeMaterialProxy WorldGridMaterial, compiling. Is special engine material.
[2018.01.23-14.53.58:717][869]LogMaterial: Missing cached shader map for material FDebugViewModeMaterialProxy MaterialInstanceDynamic_1, compiling. 
[2018.01.23-14.53.58:726][869]LogMaterial: Missing cached shader map for material FDebugViewModeMaterialProxy MI_Ground_Grass, compiling. 
[2018.01.23-14.53.58:739][869]LogMaterial: Missing cached shader map for material FDebugViewModeMaterialProxy MI_Ground_Gravel, compiling. 
[2018.01.23-14.53.58:752][869]LogMaterial: Missing cached shader map for material FDebugViewModeMaterialProxy CubeMaterial, compiling. 
[2018.01.23-14.53.58:761][869]LogMaterial: Missing cached shader map for material FDebugViewModeMaterialProxy MI_Concrete_Tiles, compiling. 
[2018.01.23-14.53.58:789][869]LogMaterial: Missing cached shader map for material FDebugViewModeMaterialProxy DefaultTextMaterialOpaque, compiling. 
[2018.01.23-14.53.58:803][869]LogMaterial: Missing cached shader map for material FDebugViewModeMaterialProxy M_UE4Man_Body, compiling. 
[2018.01.23-14.53.58:823][869]LogMaterial: Missing cached shader map for material FDebugViewModeMaterialProxy M_UE4Man_ChestLogo, compiling. 
[2018.01.23-14.53.58:838][869]LogMaterial: Missing cached shader map for material FDebugViewModeMaterialProxy MatineeCam_mat, compiling. 
[2018.01.23-14.53.58:852][869]LogMaterial: Missing cached shader map for material FDebugViewModeMaterialProxy MI_Rain, compiling. 
[2018.01.23-14.53.58:867][869]LogMaterial: Missing cached shader map for material FDebugViewModeMaterialProxy MI_SnowPart_Lit, compiling. 
[2018.01.23-14.53.58:878][869]LogMaterial: Missing cached shader map for material FDebugViewModeMaterialProxy MI_SnowPart_Unlit, compiling. 
[2018.01.23-14.53.58:894][869]LogMaterial: Missing cached shader map for material FDebugViewModeMaterialProxy MI_Snow_Lit, compiling. 
[2018.01.23-14.53.58:907][869]LogMaterial: Missing cached shader map for material FDebugViewModeMaterialProxy MI_Snow_Unlit, compiling. 
[2018.01.23-14.54.04:075][869]TextureStreamingBuild: Display: Compiling optional shaders took 5.388 seconds.
[2018.01.23-14.54.04:164][869]LogLevel: Display: Export Material TexCoord Scales took 0.089 seconds.
[2018.01.23-14.54.04:177][869]TextureStreamingBuild: Display: Build Texture Streaming took 0.012 seconds.
[2018.01.23-14.54.04:207][869]LightingResults: New page: Lighting Build - Jan 23, 2018, 4:54:04 PM
[2018.01.23-14.54.06:436][869]LogSwarmInterface: [OpenConnection] Registering TCP channel ...
[2018.01.23-14.54.06:719][869]LogSwarmInterface: [OpenConnection] Connecting to agent ...
[2018.01.23-14.54.06:741][869]LogSwarmInterface: [TryOpenConnection] Testing the Agent
[2018.01.23-14.54.08:267][869]LogSwarmInterface: [TryOpenConnection] Opening Connection to Agent
[2018.01.23-14.54.08:268][869]LogSwarmInterface: [TryOpenConnection] Local Process ID is 992
[2018.01.23-14.54.11:208][869]LogStaticLightingSystem: Running Lightmass w/ ImmediateImport mode ENABLED
[2018.01.23-14.54.11:208][869]LogStaticLightingSystem: Running Lightmass w/ ImmediateProcess mode ENABLED
[2018.01.23-14.54.11:208][869]LogStaticLightingSystem: Running Lightmass w/ Sorting mode ENABLED
[2018.01.23-14.54.11:208][869]LogStaticLightingSystem: Running Lightmass w/ Mapping paddings ENABLED
[2018.01.23-14.54.11:208][869]LogStaticLightingSystem: Running Lightmass w/ Mapping debug paddings DISABLED
[2018.01.23-14.54.11:507][869]Cmd: MAP CHECK DONTDISPLAYDIALOG
[2018.01.23-14.54.11:507][869]MapCheck: New page: ThirdPersonExampleMap - Jan 23, 2018, 4:54:11 PM
[2018.01.23-14.54.11:604][869]MapCheck: Map check complete: 0 Error(s), 0 Warning(s), took 97.544ms to complete.
[2018.01.23-14.54.11:628][869]LogEditorBuildUtils: Build time 0:13
[2018.01.23-14.54.11:726][870]LogMaterial: Missing cached shader map for material FLightmassMaterialRenderer MI_Ground_Grass, compiling. 
[2018.01.23-14.54.11:739][870]LogMaterial: Missing cached shader map for material FLightmassMaterialRenderer MI_Ground_Grass, compiling. 
[2018.01.23-14.54.11:889][871]LogMaterial: Missing cached shader map for material FLightmassMaterialRenderer MI_Ground_Gravel, compiling. 
[2018.01.23-14.54.11:900][871]LogMaterial: Missing cached shader map for material FLightmassMaterialRenderer MI_Ground_Gravel, compiling. 
[2018.01.23-14.54.11:951][872]LogMaterial: Missing cached shader map for material FLightmassMaterialRenderer MI_Concrete_Tiles, compiling. 
[2018.01.23-14.54.11:988][872]LogMaterial: Missing cached shader map for material FLightmassMaterialRenderer MI_Concrete_Tiles, compiling. 
[2018.01.23-14.54.46:039][109]Job is a success!
[2018.01.23-14.54.47:000][110]LogVolumetricLightmapImport: Imported Volumetric Lightmap in 0.184s
[2018.01.23-14.54.47:000][110]LogVolumetricLightmapImport:      Indirection Texture 16x16x16 = 0.0Mb
[2018.01.23-14.54.47:000][110]LogVolumetricLightmapImport:      BrickData 240x5x5 = 0.2Mb
[2018.01.23-14.54.47:000][110]LogVolumetricLightmapImport:      Bricks at Level
[2018.01.23-14.54.47:000][110]LogVolumetricLightmapImport:          0: 2.1% covering 100.0% of volume
[2018.01.23-14.54.47:000][110]LogVolumetricLightmapImport:          1: 8.3% covering 6.3% of volume
[2018.01.23-14.54.47:000][110]LogVolumetricLightmapImport:          2: 89.6% covering 1.0% of volume
[2018.01.23-14.54.51:199][110]LogTexture: Display: Building textures: SkyOcclusion1_1 (AutoDXT, 2048X1024)
[2018.01.23-14.54.51:199][110]LogTexture: Display: Building textures: HQ_Lightmap1_1 (AutoDXT, 2048X2048)
[2018.01.23-14.54.51:199][110]LogTexture: Display: Building textures: LQ_Lightmap_1_1 (DXT1, 2048X2048)
[2018.01.23-14.54.51:200][110]LogTexture: Display: Building textures: SkyOcclusion1_2 (AutoDXT, 64X32)
[2018.01.23-14.54.51:200][110]LogTexture: Display: Building textures: HQ_Lightmap1_2 (AutoDXT, 64X64)
[2018.01.23-14.54.51:200][110]LogTexture: Display: Building textures: LQ_Lightmap_1_2 (DXT1, 64X64)
[2018.01.23-14.54.51:274][110]Lightmass on ARTISS-SURFACE: 34.5 sec total, 955 ms importing, 42 ms setup, 6.87 sec photons, 26.6 sec processing, 0 ms extra exporting [12/12 mappings]. Threads: 1:46 min total, 28.5 sec processing.
[2018.01.23-14.54.51:341][110]LogStaticLightingSystem: Illumination: 46.7 sec (3.95 sec encoding lightmaps, 1 ms encoding shadowmaps)
[2018.01.23-14.54.51:341][110]LogStaticLightingSystem: Lightmap texture memory:  10.7 MB (10.7 MB streaming, 0.0 MB non-streaming), 4 textures
[2018.01.23-14.54.51:341][110]LogStaticLightingSystem: Shadowmap texture memory: 0.0 MB (0.0 MB streaming, 0.0 MB non-streaming), 0 textures
[2018.01.23-14.54.52:267][110]DumpUnbuiltLightIteractions
[2018.01.23-14.54.52:267][110]Lights with unbuilt interactions: 0
[2018.01.23-14.54.52:267][110]
[2018.01.23-14.54.52:267][110]Primitives with unbuilt interactions: 0
[2018.01.23-14.54.52:284][111]Cmd: MAP CHECK NOTIFYRESULTS
[2018.01.23-14.54.52:284][111]MapCheck: New page: ThirdPersonExampleMap - Jan 23, 2018, 4:54:52 PM
[2018.01.23-14.54.52:455][111]MapCheck: Map check complete: 0 Error(s), 0 Warning(s), took 171.48ms to complete.
[2018.01.23-14.54.55:062][179]LogD3D11RHI: Timed out while waiting for GPU to catch up. (0.5 s)
[2018.01.23-14.54.55:563][180]LogD3D11RHI: Timed out while waiting for GPU to catch up. (0.5 s)
[2018.01.23-14.54.55:576][180]LogD3D11RHI: Error: Result failed 
 at D:\Build\++UE4+Release-4.18+Compile\Sync\Engine\Source\Runtime\Windows\D3D11RHI\Private\D3D11Query.cpp:134 
 with error DXGI_ERROR_DEVICE_REMOVED DXGI_ERROR_DEVICE_HUNG
[2018.01.23-14.54.55:576][180]LogWindows: Windows GetLastError: L’opération a réussi. (0)
[2018.01.23-14.54.59:200][180]LogWindows: Windows GetLastError: L’opération a réussi. (0)
[2018.01.23-14.54.59:200][180]LogWindows: Error: === Critical error: ===
[2018.01.23-14.54.59:201][180]LogWindows: Error: 
[2018.01.23-14.54.59:201][180]LogWindows: Error: Fatal error: [File:D:\Build\++UE4+Release-4.18+Compile\Sync\Engine\Source\Runtime\RenderCore\Private\RenderingThread.cpp] [Line: 813] 
[2018.01.23-14.54.59:201][180]LogWindows: Error: Rendering thread exception:
[2018.01.23-14.54.59:201][180]LogWindows: Error: Fatal error: [File:D:\Build\++UE4+Release-4.18+Compile\Sync\Engine\Source\Runtime\Windows\D3D11RHI\Private\D3D11Util.cpp] [Line: 182] 
[2018.01.23-14.54.59:201][180]LogWindows: Error: Unreal Engine is exiting due to D3D device being lost. (Error: 0x887A0006 - 'HUNG')
[2018.01.23-14.54.59:201][180]LogWindows: Error: 
[2018.01.23-14.54.59:201][180]LogWindows: Error: 
[2018.01.23-14.54.59:201][180]LogWindows: Error: [Callstack] 0x00000000CF303FB8 KERNELBASE.dll!UnknownFunction []
[2018.01.23-14.54.59:201][180]LogWindows: Error: [Callstack] 0x00000000AC6476D4 UE4Editor-ApplicationCore.dll!UnknownFunction []
[2018.01.23-14.54.59:201][180]LogWindows: Error: [Callstack] 0x00000000779F330B UE4Editor-Core.dll!UnknownFunction []
[2018.01.23-14.54.59:201][180]LogWindows: Error: [Callstack] 0x00000000779847F9 UE4Editor-Core.dll!UnknownFunction []
[2018.01.23-14.54.59:201][180]LogWindows: Error: [Callstack] 0x000000006C1979FF UE4Editor-D3D11RHI.dll!UnknownFunction []
[2018.01.23-14.54.59:201][180]LogWindows: Error: [Callstack] 0x000000006C19BBC0 UE4Editor-D3D11RHI.dll!UnknownFunction []
[2018.01.23-14.54.59:201][180]LogWindows: Error: [Callstack] 0x000000006C173EFA UE4Editor-D3D11RHI.dll!UnknownFunction []
[2018.01.23-14.54.59:201][180]LogWindows: Error: [Callstack] 0x000000006C1885A8 UE4Editor-D3D11RHI.dll!UnknownFunction []
[2018.01.23-14.54.59:201][180]LogWindows: Error: [Callstack] 0x00000000AE1AE4F7 UE4Editor-RHI.dll!UnknownFunction []
[2018.01.23-14.54.59:201][180]LogWindows: Error: [Callstack] 0x000000006BD70B45 UE4Editor-SlateRHIRenderer.dll!UnknownFunction []
[2018.01.23-14.54.59:201][180]LogWindows: Error: [Callstack] 0x000000006BD760A9 UE4Editor-SlateRHIRenderer.dll!UnknownFunction []
[2018.01.23-14.54.59:201][180]LogWindows: Error: [Callstack] 0x0000000077854845 UE4Editor-Core.dll!UnknownFunction []
[2018.01.23-14.54.59:201][180]LogWindows: Error: [Callstack] 0x0000000077854E2A UE4Editor-Core.dll!UnknownFunction []
[2018.01.23-14.54.59:201][180]LogWindows: Error: [Callstack] 0x00000000AE5D22C4 UE4Editor-RenderCore.dll!UnknownFunction []
[2018.01.23-14.54.59:201][180]LogWindows: Error: [Callstack] 0x00000000AE5D32F6 UE4Editor-RenderCore.dll!UnknownFunction []
[2018.01.23-14.54.59:201][180]LogWindows: Error: [Callstack] 0x0000000077BF092C UE4Editor-Core.dll!UnknownFunction []
[2018.01.23-14.54.59:201][180]LogWindows: Error: [Callstack] 0x0000000077BE2563 UE4Editor-Core.dll!UnknownFunction []
[2018.01.23-14.54.59:201][180]LogWindows: Error: [Callstack] 0x00000000CFE71FE4 KERNEL32.DLL!UnknownFunction []
[2018.01.23-14.54.59:201][180]LogWindows: Error: [Callstack] 0x00000000D27BEFB1 ntdll.dll!UnknownFunction []
[2018.01.23-14.54.59:201][180]LogWindows: Error: [Callstack] 0x00000000D27BEFB1 ntdll.dll!UnknownFunction []
[2018.01.23-14.54.59:201][180]LogWindows: Error: 
[2018.01.23-14.54.59:201][180]LogWindows: Error: 
[2018.01.23-14.54.59:201][180]LogWindows: Error: 
[2018.01.23-14.54.59:202][180]LogWindows: Error: 
[2018.01.23-14.54.59:227][180]LogExit: Executing StaticShutdownAfterError
[2018.01.23-14.54.59:254][180]LogWindows: FPlatformMisc::RequestExit(1)
[2018.01.23-14.54.59:254][180]Log file closed, 01/23/18 15:54:59
